This file contains any messages produced by compilers while
running configure, to aid debugging if configure makes a mistake.

It was created by GNU lightning configure 2.2.1, which was
generated by GNU Autoconf 2.71.  Invocation command line was

  $ ./configure

## --------- ##
## Platform. ##
## --------- ##

hostname = toolbox
uname -m = x86_64
uname -r = 6.2.12-200.fc37.x86_64
uname -s = Linux
uname -v = #1 SMP PREEMPT_DYNAMIC Thu Apr 20 23:38:29 UTC 2023

/usr/bin/uname -p = unknown
/bin/uname -X     = unknown

/bin/arch              = x86_64
/usr/bin/arch -k       = unknown
/usr/convex/getsysinfo = unknown
/usr/bin/hostinfo      = unknown
/bin/machine           = unknown
/usr/bin/oslevel       = unknown
/bin/universe          = unknown

PATH: /var/home/loganmc10/.local/bin/
PATH: /var/home/loganmc10/bin/
PATH: /usr/local/sbin/
PATH: /usr/local/bin/
PATH: /usr/sbin/
PATH: /usr/bin/
PATH: /sbin/
PATH: /bin/


## ----------- ##
## Core tests. ##
## ----------- ##

configure:2511: looking for aux files: ltmain.sh ar-lib compile missing install-sh config.guess config.sub
configure:2524:  trying ./build-aux/
configure:2553:   ./build-aux/ltmain.sh found
configure:2553:   ./build-aux/ar-lib found
configure:2553:   ./build-aux/compile found
configure:2553:   ./build-aux/missing found
configure:2535:   ./build-aux/install-sh found
configure:2553:   ./build-aux/config.guess found
configure:2553:   ./build-aux/config.sub found
configure:2672: checking build system type
configure:2687: result: x86_64-pc-linux-gnu
configure:2707: checking host system type
configure:2721: result: x86_64-pc-linux-gnu
configure:2741: checking target system type
configure:2755: result: x86_64-pc-linux-gnu
configure:2799: checking for a BSD-compatible install
configure:2872: result: /usr/bin/install -c
configure:2883: checking whether build environment is sane
configure:2938: result: yes
configure:3097: checking for a race-free mkdir -p
configure:3141: result: /usr/bin/mkdir -p
configure:3148: checking for gawk
configure:3169: found /usr/bin/gawk
configure:3180: result: gawk
configure:3191: checking whether make sets $(MAKE)
configure:3214: result: yes
configure:3244: checking whether make supports nested variables
configure:3262: result: yes
configure:3410: checking whether make supports nested variables
configure:3428: result: yes
configure:3506: checking for gcc
configure:3527: found /usr/bin/gcc
configure:3538: result: gcc
configure:3891: checking for C compiler version
configure:3900: gcc --version >&5
gcc (GCC) 13.0.1 20230401 (Red Hat 13.0.1-0)
Copyright (C) 2023 Free Software Foundation, Inc.
This is free software; see the source for copying conditions.  There is NO
warranty; not even for MERCHANTABILITY or FITNESS FOR A PARTICULAR PURPOSE.

configure:3911: $? = 0
configure:3900: gcc -v >&5
Using built-in specs.
COLLECT_GCC=gcc
COLLECT_LTO_WRAPPER=/usr/libexec/gcc/x86_64-redhat-linux/13/lto-wrapper
OFFLOAD_TARGET_NAMES=nvptx-none
OFFLOAD_TARGET_DEFAULT=1
Target: x86_64-redhat-linux
Configured with: ../configure --enable-bootstrap --enable-languages=c,c++,fortran,objc,obj-c++,ada,go,d,m2,lto --prefix=/usr --mandir=/usr/share/man --infodir=/usr/share/info --with-bugurl=http://bugzilla.redhat.com/bugzilla --enable-shared --enable-threads=posix --enable-checking=release --enable-multilib --with-system-zlib --enable-__cxa_atexit --disable-libunwind-exceptions --enable-gnu-unique-object --enable-linker-build-id --with-gcc-major-version-only --enable-libstdcxx-backtrace --with-libstdcxx-zoneinfo=/usr/share/zoneinfo --with-linker-hash-style=gnu --enable-plugin --enable-initfini-array --with-isl=/builddir/build/BUILD/gcc-13.0.1-20230401/obj-x86_64-redhat-linux/isl-install --enable-offload-targets=nvptx-none --without-cuda-driver --enable-offload-defaulted --enable-gnu-indirect-function --enable-cet --with-tune=generic --with-arch_32=i686 --build=x86_64-redhat-linux --with-build-config=bootstrap-lto --enable-link-serialization=1
Thread model: posix
Supported LTO compression algorithms: zlib zstd
gcc version 13.0.1 20230401 (Red Hat 13.0.1-0) (GCC) 
... rest of stderr output deleted ...
configure:3911: $? = 0
configure:3900: gcc -V >&5
gcc: error: unrecognized command-line option '-V'
gcc: fatal error: no input files
compilation terminated.
configure:3911: $? = 1
configure:3900: gcc -qversion >&5
gcc: error: unrecognized command-line option '-qversion'; did you mean '--version'?
gcc: fatal error: no input files
compilation terminated.
configure:3911: $? = 1
configure:3900: gcc -version >&5
gcc: error: unrecognized command-line option '-version'
gcc: fatal error: no input files
compilation terminated.
configure:3911: $? = 1
configure:3931: checking whether the C compiler works
configure:3953: gcc    conftest.c  >&5
configure:3957: $? = 0
configure:4007: result: yes
configure:4010: checking for C compiler default output file name
configure:4012: result: a.out
configure:4018: checking for suffix of executables
configure:4025: gcc -o conftest    conftest.c  >&5
configure:4029: $? = 0
configure:4052: result: 
configure:4074: checking whether we are cross compiling
configure:4082: gcc -o conftest    conftest.c  >&5
configure:4086: $? = 0
configure:4093: ./conftest
configure:4097: $? = 0
configure:4112: result: no
configure:4117: checking for suffix of object files
configure:4140: gcc -c   conftest.c >&5
configure:4144: $? = 0
configure:4166: result: o
configure:4170: checking whether the compiler supports GNU C
configure:4190: gcc -c   conftest.c >&5
configure:4190: $? = 0
configure:4200: result: yes
configure:4211: checking whether gcc accepts -g
configure:4232: gcc -c -g  conftest.c >&5
configure:4232: $? = 0
configure:4276: result: yes
configure:4296: checking for gcc option to enable C11 features
configure:4311: gcc  -c -g -O2  conftest.c >&5
configure:4311: $? = 0
configure:4329: result: none needed
configure:4445: checking whether gcc understands -c and -o together
configure:4468: gcc -c conftest.c -o conftest2.o
configure:4471: $? = 0
configure:4468: gcc -c conftest.c -o conftest2.o
configure:4471: $? = 0
configure:4483: result: yes
configure:4501: checking whether the compiler is clang
configure:4523: gcc -c -g -O2  conftest.c >&5
configure:4523: $? = 0
configure:4532: result: no
configure:4536: checking for compiler option needed when checking for declarations
configure:4569: result: none
configure:4581: checking whether make supports the include directive
configure:4596: make -f confmf.GNU && cat confinc.out
this is the am__doit target
configure:4599: $? = 0
configure:4618: result: yes (GNU style)
configure:4644: checking dependency style of gcc
configure:4756: result: gcc3
configure:4777: checking how to run the C preprocessor
configure:4803: gcc -E  conftest.c
configure:4803: $? = 0
configure:4818: gcc -E  conftest.c
conftest.c:11:10: fatal error: ac_nonexistent.h: No such file or directory
   11 | #include <ac_nonexistent.h>
      |          ^~~~~~~~~~~~~~~~~~
compilation terminated.
configure:4818: $? = 1
configure: failed program was:
| /* confdefs.h */
| #define PACKAGE_NAME "GNU lightning"
| #define PACKAGE_TARNAME "lightning"
| #define PACKAGE_VERSION "2.2.1"
| #define PACKAGE_STRING "GNU lightning 2.2.1"
| #define PACKAGE_BUGREPORT "pcpa@gnu.org"
| #define PACKAGE_URL "https://www.gnu.org/software/lightning/"
| #define PACKAGE "lightning"
| #define VERSION "2.2.1"
| /* end confdefs.h.  */
| #include <ac_nonexistent.h>
configure:4845: result: gcc -E
configure:4859: gcc -E  conftest.c
configure:4859: $? = 0
configure:4874: gcc -E  conftest.c
conftest.c:11:10: fatal error: ac_nonexistent.h: No such file or directory
   11 | #include <ac_nonexistent.h>
      |          ^~~~~~~~~~~~~~~~~~
compilation terminated.
configure:4874: $? = 1
configure: failed program was:
| /* confdefs.h */
| #define PACKAGE_NAME "GNU lightning"
| #define PACKAGE_TARNAME "lightning"
| #define PACKAGE_VERSION "2.2.1"
| #define PACKAGE_STRING "GNU lightning 2.2.1"
| #define PACKAGE_BUGREPORT "pcpa@gnu.org"
| #define PACKAGE_URL "https://www.gnu.org/software/lightning/"
| #define PACKAGE "lightning"
| #define VERSION "2.2.1"
| /* end confdefs.h.  */
| #include <ac_nonexistent.h>
configure:4905: checking for grep that handles long lines and -e
configure:4969: result: /usr/bin/grep
configure:4974: checking for egrep
configure:5042: result: /usr/bin/grep -E
configure:5050: checking for Minix Amsterdam compiler
configure:5076: result: no
configure:5142: checking for ar
configure:5163: found /usr/bin/ar
configure:5174: result: ar
configure:5200: checking the archiver (ar) interface
configure:5217: gcc -c -g -O2  conftest.c >&5
configure:5217: $? = 0
configure:5220: ar cru libconftest.a conftest.o >&5
configure:5223: $? = 0
configure:5251: result: ar
configure:5321: checking for ar
configure:5353: result: ar
configure:5433: checking for ranlib
configure:5454: found /usr/bin/ranlib
configure:5465: result: ranlib
configure:5610: checking the archiver (ar) interface
configure:5661: result: ar
configure:5728: checking how to print strings
configure:5755: result: printf
configure:5776: checking for a sed that does not truncate output
configure:5846: result: /usr/bin/sed
configure:5864: checking for fgrep
configure:5932: result: /usr/bin/grep -F
configure:5968: checking for ld used by gcc
configure:6036: result: /usr/bin/ld
configure:6043: checking if the linker (/usr/bin/ld) is GNU ld
configure:6059: result: yes
configure:6071: checking for BSD- or MS-compatible name lister (nm)
configure:6126: result: /usr/bin/nm -B
configure:6266: checking the name lister (/usr/bin/nm -B) interface
configure:6274: gcc -c -g -O2  conftest.c >&5
configure:6277: /usr/bin/nm -B "conftest.o"
configure:6280: output
0000000000000000 B some_variable
configure:6287: result: BSD nm
configure:6290: checking whether ln -s works
configure:6294: result: yes
configure:6302: checking the maximum length of command line arguments
configure:6434: result: 1572864
configure:6482: checking how to convert x86_64-pc-linux-gnu file names to x86_64-pc-linux-gnu format
configure:6523: result: func_convert_file_noop
configure:6530: checking how to convert x86_64-pc-linux-gnu file names to toolchain format
configure:6551: result: func_convert_file_noop
configure:6558: checking for /usr/bin/ld option to reload object files
configure:6566: result: -r
configure:6645: checking for file
configure:6666: found /usr/bin/file
configure:6677: result: file
configure:6753: checking for objdump
configure:6774: found /usr/bin/objdump
configure:6785: result: objdump
configure:6817: checking how to recognize dependent libraries
configure:7018: result: pass_all
configure:7108: checking for dlltool
configure:7143: result: no
configure:7173: checking how to associate runtime and link libraries
configure:7201: result: printf %s\n
configure:7351: checking for archiver @FILE support
configure:7369: gcc -c -g -O2  conftest.c >&5
configure:7369: $? = 0
configure:7373: ar cr libconftest.a @conftest.lst >&5
configure:7376: $? = 0
configure:7381: ar cr libconftest.a @conftest.lst >&5
ar: conftest.o: No such file or directory
configure:7384: $? = 1
configure:7396: result: @
configure:7459: checking for strip
configure:7480: found /usr/bin/strip
configure:7491: result: strip
configure:7568: checking for ranlib
configure:7600: result: ranlib
configure:7702: checking command to parse /usr/bin/nm -B output from gcc object
configure:7856: gcc -c -g -O2  conftest.c >&5
configure:7859: $? = 0
configure:7863: /usr/bin/nm -B conftest.o \| /usr/bin/sed -n -e 's/^.*[ ]\([ABCDGIRSTW][ABCDGIRSTW]*\)[ ][ ]*\([_A-Za-z][_A-Za-z0-9]*\)$/\1 \2 \2/p' | /usr/bin/sed '/ __gnu_lto/d' \> conftest.nm
configure:7866: $? = 0
configure:7932: gcc -o conftest -g -O2   conftest.c conftstm.o >&5
configure:7935: $? = 0
configure:7973: result: ok
configure:8020: checking for sysroot
configure:8051: result: no
configure:8058: checking for a working dd
configure:8102: result: /usr/bin/dd
configure:8106: checking how to truncate binary pipes
configure:8122: result: /usr/bin/dd bs=4096 count=1
configure:8259: gcc -c -g -O2  conftest.c >&5
configure:8262: $? = 0
configure:8459: checking for mt
configure:8494: result: no
configure:8514: checking if : is a manifest tool
configure:8521: : '-?'
configure:8529: result: no
configure:9254: checking for stdio.h
configure:9254: gcc -c -g -O2  conftest.c >&5
configure:9254: $? = 0
configure:9254: result: yes
configure:9254: checking for stdlib.h
configure:9254: gcc -c -g -O2  conftest.c >&5
configure:9254: $? = 0
configure:9254: result: yes
configure:9254: checking for string.h
configure:9254: gcc -c -g -O2  conftest.c >&5
configure:9254: $? = 0
configure:9254: result: yes
configure:9254: checking for inttypes.h
configure:9254: gcc -c -g -O2  conftest.c >&5
configure:9254: $? = 0
configure:9254: result: yes
configure:9254: checking for stdint.h
configure:9254: gcc -c -g -O2  conftest.c >&5
configure:9254: $? = 0
configure:9254: result: yes
configure:9254: checking for strings.h
configure:9254: gcc -c -g -O2  conftest.c >&5
configure:9254: $? = 0
configure:9254: result: yes
configure:9254: checking for sys/stat.h
configure:9254: gcc -c -g -O2  conftest.c >&5
configure:9254: $? = 0
configure:9254: result: yes
configure:9254: checking for sys/types.h
configure:9254: gcc -c -g -O2  conftest.c >&5
configure:9254: $? = 0
configure:9254: result: yes
configure:9254: checking for unistd.h
configure:9254: gcc -c -g -O2  conftest.c >&5
configure:9254: $? = 0
configure:9254: result: yes
configure:9279: checking for dlfcn.h
configure:9279: gcc -c -g -O2  conftest.c >&5
configure:9279: $? = 0
configure:9279: result: yes
configure:9538: checking for objdir
configure:9554: result: .libs
configure:9818: checking if gcc supports -fno-rtti -fno-exceptions
configure:9837: gcc -c -g -O2  -fno-rtti -fno-exceptions conftest.c >&5
cc1: warning: command-line option '-fno-rtti' is valid for C++/D/ObjC++ but not for C
configure:9841: $? = 0
configure:9854: result: no
configure:10212: checking for gcc option to produce PIC
configure:10220: result: -fPIC -DPIC
configure:10228: checking if gcc PIC flag -fPIC -DPIC works
configure:10247: gcc -c -g -O2  -fPIC -DPIC -DPIC conftest.c >&5
configure:10251: $? = 0
configure:10264: result: yes
configure:10293: checking if gcc static flag -static works
configure:10322: result: no
configure:10337: checking if gcc supports -c -o file.o
configure:10359: gcc -c -g -O2  -o out/conftest2.o conftest.c >&5
configure:10363: $? = 0
configure:10385: result: yes
configure:10393: checking if gcc supports -c -o file.o
configure:10441: result: yes
configure:10474: checking whether the gcc linker (/usr/bin/ld -m elf_x86_64) supports shared libraries
configure:11742: result: yes
configure:11779: checking whether -lc should be explicitly linked in
configure:11788: gcc -c -g -O2  conftest.c >&5
configure:11791: $? = 0
configure:11806: gcc -shared  -fPIC -DPIC conftest.o  -v -Wl,-soname -Wl,conftest -o conftest 2\>\&1 \| /usr/bin/grep  -lc  \>/dev/null 2\>\&1
configure:11809: $? = 0
configure:11823: result: no
configure:11983: checking dynamic linker characteristics
configure:12565: gcc -o conftest -g -O2   -Wl,-rpath -Wl,/foo conftest.c  >&5
configure:12565: $? = 0
configure:12807: result: GNU/Linux ld.so
configure:12929: checking how to hardcode library paths into programs
configure:12954: result: immediate
configure:13506: checking whether stripping libraries is possible
configure:13515: result: yes
configure:13557: checking if libtool supports shared libraries
configure:13559: result: yes
configure:13562: checking whether to build shared libraries
configure:13587: result: yes
configure:13590: checking whether to build static libraries
configure:13594: result: yes
configure:13758: checking for mmap
configure:13758: gcc -o conftest -g -O2   conftest.c  >&5
configure:13758: $? = 0
configure:13758: result: yes
configure:13764: checking for mremap
configure:13764: gcc -o conftest -g -O2   conftest.c  >&5
configure:13764: $? = 0
configure:13764: result: yes
configure:13770: checking for ffsl
configure:13770: gcc -o conftest -g -O2   conftest.c  >&5
conftest.c:41:6: warning: conflicting types for built-in function 'ffsl'; expected 'int(long int)' [-Wbuiltin-declaration-mismatch]
   41 | char ffsl ();
      |      ^~~~
configure:13770: $? = 0
configure:13770: result: yes
configure:13776: checking for getopt_long_only
configure:13776: gcc -o conftest -g -O2   conftest.c  >&5
configure:13776: $? = 0
configure:13776: result: yes
configure:13782: checking for isnan
configure:13782: gcc -o conftest -g -O2   conftest.c  >&5
conftest.c:43:6: warning: conflicting types for built-in function 'isnan'; expected 'int()' [-Wbuiltin-declaration-mismatch]
   43 | char isnan ();
      |      ^~~~~
conftest.c:35:1: note: 'isnan' is declared in header '<math.h>'
   34 | #include <limits.h>
   35 | #undef isnan
configure:13782: $? = 0
configure:13782: result: yes
configure:13788: checking for isinf
configure:13788: gcc -o conftest -g -O2   conftest.c  >&5
conftest.c:44:6: warning: conflicting types for built-in function 'isinf'; expected 'int()' [-Wbuiltin-declaration-mismatch]
   44 | char isinf ();
      |      ^~~~~
conftest.c:36:1: note: 'isinf' is declared in header '<math.h>'
   35 | #include <limits.h>
   36 | #undef isinf
configure:13788: $? = 0
configure:13788: result: yes
configure:13796: checking for getopt.h
configure:13796: gcc -c -g -O2  conftest.c >&5
configure:13796: $? = 0
configure:13796: result: yes
configure:13802: checking for stdint.h
configure:13802: result: yes
configure:13820: checking for htab_try_create in -liberty
configure:13843: gcc -o conftest -g -O2   conftest.c -liberty   >&5
/usr/bin/ld: cannot find -liberty: No such file or directory
collect2: error: ld returned 1 exit status
configure:13843: $? = 1
configure: failed program was:
| /* confdefs.h */
| #define PACKAGE_NAME "GNU lightning"
| #define PACKAGE_TARNAME "lightning"
| #define PACKAGE_VERSION "2.2.1"
| #define PACKAGE_STRING "GNU lightning 2.2.1"
| #define PACKAGE_BUGREPORT "pcpa@gnu.org"
| #define PACKAGE_URL "https://www.gnu.org/software/lightning/"
| #define PACKAGE "lightning"
| #define VERSION "2.2.1"
| #define HAVE_STDIO_H 1
| #define HAVE_STDLIB_H 1
| #define HAVE_STRING_H 1
| #define HAVE_INTTYPES_H 1
| #define HAVE_STDINT_H 1
| #define HAVE_STRINGS_H 1
| #define HAVE_SYS_STAT_H 1
| #define HAVE_SYS_TYPES_H 1
| #define HAVE_UNISTD_H 1
| #define STDC_HEADERS 1
| #define HAVE_DLFCN_H 1
| #define LT_OBJDIR ".libs/"
| #define HAVE_MMAP 1
| #define HAVE_MREMAP 1
| #define HAVE_FFSL 1
| #define HAVE_GETOPT_LONG_ONLY 1
| #define HAVE_ISNAN 1
| #define HAVE_ISINF 1
| #define HAVE_GETOPT_H 1
| #define HAVE_STDINT_H 1
| /* end confdefs.h.  */
| 
| /* Override any GCC internal prototype to avoid an error.
|    Use char because int might match the return type of a GCC
|    builtin and then its argument prototype would still apply.  */
| char htab_try_create ();
| int
| main (void)
| {
| return htab_try_create ();
|   ;
|   return 0;
| }
configure:13853: result: no
configure:13865: checking for bfd_init in -lbfd
configure:13888: gcc -o conftest -g -O2   conftest.c -lbfd   >&5
/usr/bin/ld: cannot find -lbfd: No such file or directory
collect2: error: ld returned 1 exit status
configure:13888: $? = 1
configure: failed program was:
| /* confdefs.h */
| #define PACKAGE_NAME "GNU lightning"
| #define PACKAGE_TARNAME "lightning"
| #define PACKAGE_VERSION "2.2.1"
| #define PACKAGE_STRING "GNU lightning 2.2.1"
| #define PACKAGE_BUGREPORT "pcpa@gnu.org"
| #define PACKAGE_URL "https://www.gnu.org/software/lightning/"
| #define PACKAGE "lightning"
| #define VERSION "2.2.1"
| #define HAVE_STDIO_H 1
| #define HAVE_STDLIB_H 1
| #define HAVE_STRING_H 1
| #define HAVE_INTTYPES_H 1
| #define HAVE_STDINT_H 1
| #define HAVE_STRINGS_H 1
| #define HAVE_SYS_STAT_H 1
| #define HAVE_SYS_TYPES_H 1
| #define HAVE_UNISTD_H 1
| #define STDC_HEADERS 1
| #define HAVE_DLFCN_H 1
| #define LT_OBJDIR ".libs/"
| #define HAVE_MMAP 1
| #define HAVE_MREMAP 1
| #define HAVE_FFSL 1
| #define HAVE_GETOPT_LONG_ONLY 1
| #define HAVE_ISNAN 1
| #define HAVE_ISINF 1
| #define HAVE_GETOPT_H 1
| #define HAVE_STDINT_H 1
| /* end confdefs.h.  */
| 
| /* Override any GCC internal prototype to avoid an error.
|    Use char because int might match the return type of a GCC
|    builtin and then its argument prototype would still apply.  */
| char bfd_init ();
| int
| main (void)
| {
| return bfd_init ();
|   ;
|   return 0;
| }
configure:13898: result: no
configure:13910: checking for compressBound in -lz
configure:13933: gcc -o conftest -g -O2   conftest.c -lz   >&5
configure:13933: $? = 0
configure:13943: result: yes
configure:13955: checking for init_disassemble_info in -lopcodes
configure:13978: gcc -o conftest -g -O2   conftest.c -lopcodes  -lz  >&5
/usr/bin/ld: cannot find -lopcodes: No such file or directory
collect2: error: ld returned 1 exit status
configure:13978: $? = 1
configure: failed program was:
| /* confdefs.h */
| #define PACKAGE_NAME "GNU lightning"
| #define PACKAGE_TARNAME "lightning"
| #define PACKAGE_VERSION "2.2.1"
| #define PACKAGE_STRING "GNU lightning 2.2.1"
| #define PACKAGE_BUGREPORT "pcpa@gnu.org"
| #define PACKAGE_URL "https://www.gnu.org/software/lightning/"
| #define PACKAGE "lightning"
| #define VERSION "2.2.1"
| #define HAVE_STDIO_H 1
| #define HAVE_STDLIB_H 1
| #define HAVE_STRING_H 1
| #define HAVE_INTTYPES_H 1
| #define HAVE_STDINT_H 1
| #define HAVE_STRINGS_H 1
| #define HAVE_SYS_STAT_H 1
| #define HAVE_SYS_TYPES_H 1
| #define HAVE_UNISTD_H 1
| #define STDC_HEADERS 1
| #define HAVE_DLFCN_H 1
| #define LT_OBJDIR ".libs/"
| #define HAVE_MMAP 1
| #define HAVE_MREMAP 1
| #define HAVE_FFSL 1
| #define HAVE_GETOPT_LONG_ONLY 1
| #define HAVE_ISNAN 1
| #define HAVE_ISINF 1
| #define HAVE_GETOPT_H 1
| #define HAVE_STDINT_H 1
| #define HAVE_LIBZ 1
| /* end confdefs.h.  */
| 
| /* Override any GCC internal prototype to avoid an error.
|    Use char because int might match the return type of a GCC
|    builtin and then its argument prototype would still apply.  */
| char init_disassemble_info ();
| int
| main (void)
| {
| return init_disassemble_info ();
|   ;
|   return 0;
| }
configure:13988: result: no
configure:14005: WARNING: libiberty not found
configure:14015: WARNING: binutils BFD not found, see http://www.gnu.org/software/binutils/
configure:14035: WARNING: binutils opcodes not found, see https://www.gnu.org/software/binutils/
configure:14166: checking for dlopen in -ldl
configure:14189: gcc -o conftest -g -O2   conftest.c -ldl  -lz  >&5
configure:14189: $? = 0
configure:14199: result: yes
configure:14206: checking for dlopen in -ldld
configure:14229: gcc -o conftest -g -O2   conftest.c -ldld  -lz  >&5
/usr/bin/ld: cannot find -ldld: No such file or directory
collect2: error: ld returned 1 exit status
configure:14229: $? = 1
configure: failed program was:
| /* confdefs.h */
| #define PACKAGE_NAME "GNU lightning"
| #define PACKAGE_TARNAME "lightning"
| #define PACKAGE_VERSION "2.2.1"
| #define PACKAGE_STRING "GNU lightning 2.2.1"
| #define PACKAGE_BUGREPORT "pcpa@gnu.org"
| #define PACKAGE_URL "https://www.gnu.org/software/lightning/"
| #define PACKAGE "lightning"
| #define VERSION "2.2.1"
| #define HAVE_STDIO_H 1
| #define HAVE_STDLIB_H 1
| #define HAVE_STRING_H 1
| #define HAVE_INTTYPES_H 1
| #define HAVE_STDINT_H 1
| #define HAVE_STRINGS_H 1
| #define HAVE_SYS_STAT_H 1
| #define HAVE_SYS_TYPES_H 1
| #define HAVE_UNISTD_H 1
| #define STDC_HEADERS 1
| #define HAVE_DLFCN_H 1
| #define LT_OBJDIR ".libs/"
| #define HAVE_MMAP 1
| #define HAVE_MREMAP 1
| #define HAVE_FFSL 1
| #define HAVE_GETOPT_LONG_ONLY 1
| #define HAVE_ISNAN 1
| #define HAVE_ISINF 1
| #define HAVE_GETOPT_H 1
| #define HAVE_STDINT_H 1
| #define HAVE_LIBZ 1
| /* end confdefs.h.  */
| 
| /* Override any GCC internal prototype to avoid an error.
|    Use char because int might match the return type of a GCC
|    builtin and then its argument prototype would still apply.  */
| char dlopen ();
| int
| main (void)
| {
| return dlopen ();
|   ;
|   return 0;
| }
configure:14239: result: no
configure:14415: gcc -o conftest -g -O2 -D_GNU_SOURCE   conftest.c -lz  >&5
configure:14415: $? = 0
configure:14415: ./conftest
configure:14415: $? = 1
configure: program exited with status 1
configure: failed program was:
| /* confdefs.h */
| #define PACKAGE_NAME "GNU lightning"
| #define PACKAGE_TARNAME "lightning"
| #define PACKAGE_VERSION "2.2.1"
| #define PACKAGE_STRING "GNU lightning 2.2.1"
| #define PACKAGE_BUGREPORT "pcpa@gnu.org"
| #define PACKAGE_URL "https://www.gnu.org/software/lightning/"
| #define PACKAGE "lightning"
| #define VERSION "2.2.1"
| #define HAVE_STDIO_H 1
| #define HAVE_STDLIB_H 1
| #define HAVE_STRING_H 1
| #define HAVE_INTTYPES_H 1
| #define HAVE_STDINT_H 1
| #define HAVE_STRINGS_H 1
| #define HAVE_SYS_STAT_H 1
| #define HAVE_SYS_TYPES_H 1
| #define HAVE_UNISTD_H 1
| #define STDC_HEADERS 1
| #define HAVE_DLFCN_H 1
| #define LT_OBJDIR ".libs/"
| #define HAVE_MMAP 1
| #define HAVE_MREMAP 1
| #define HAVE_FFSL 1
| #define HAVE_GETOPT_LONG_ONLY 1
| #define HAVE_ISNAN 1
| #define HAVE_ISINF 1
| #define HAVE_GETOPT_H 1
| #define HAVE_STDINT_H 1
| #define HAVE_LIBZ 1
| /* end confdefs.h.  */
| 
|     int main(void) {
| 	int		    ac, flags;
| 	unsigned int	    eax, ebx, ecx, edx;
| 	if (sizeof(long) == 8)
| 	    return 1;
| 	__asm__ volatile ("pushfl;\n\t"
| 			  "popl %0;\n\t"
| 			  "movl $0x240000, %1;\n\t"
| 			  "xorl %0, %1;\n\t"
| 			  "pushl %1;\n\t"
| 			  "popfl;\n\t"
| 			  "pushfl;\n\t"
| 			  "popl %1;\n\t"
| 			  "xorl %0, %1;\n\t"
| 			  "pushl %0;\n\t"
| 			  "popfl"
| 			  : "=r" (flags), "=r" (ac));
| 	if ((ac & (1 << 21)) == 0)
| 	    return 1;
| 	__asm__ volatile ("xchgl %%ebx, %1; cpuid; xchgl %%ebx, %1"
| 			  : "=a" (eax), "=r" (ebx),
| 			  "=c" (ecx), "=d" (edx)
| 			  : "0" (1));
| 	return (edx & 1 << 26) ? 0 : 1;
|     }
| 
configure:14713: checking that generated files are newer than configure
configure:14719: result: done
configure:14854: creating ./config.status

## ---------------------- ##
## Running config.status. ##
## ---------------------- ##

This file was extended by GNU lightning config.status 2.2.1, which was
generated by GNU Autoconf 2.71.  Invocation command line was

  CONFIG_FILES    = 
  CONFIG_HEADERS  = 
  CONFIG_LINKS    = 
  CONFIG_COMMANDS = 
  $ ./config.status 

on toolbox

config.status:1156: creating Makefile
config.status:1156: creating lightning.pc
config.status:1156: creating gnulib-lib/Makefile
config.status:1156: creating doc/Makefile
config.status:1156: creating include/Makefile
config.status:1156: creating include/lightning/Makefile
config.status:1156: creating include/lightning.h
config.status:1156: creating lib/Makefile
config.status:1156: creating check/Makefile
config.status:1156: creating config.h
config.status:1385: executing depfiles commands
config.status:1462: cd .       && sed -e '/# am--include-marker/d' Makefile         | make -f - am--depfiles
config.status:1467: $? = 0
config.status:1462: cd gnulib-lib       && sed -e '/# am--include-marker/d' Makefile         | make -f - am--depfiles
config.status:1467: $? = 0
config.status:1462: cd doc       && sed -e '/# am--include-marker/d' Makefile         | make -f - am--depfiles
config.status:1467: $? = 0
config.status:1462: cd lib       && sed -e '/# am--include-marker/d' Makefile         | make -f - am--depfiles
config.status:1467: $? = 0
config.status:1462: cd check       && sed -e '/# am--include-marker/d' Makefile         | make -f - am--depfiles
config.status:1467: $? = 0
config.status:1385: executing libtool commands

## ---------------- ##
## Cache variables. ##
## ---------------- ##

ac_cv_build=x86_64-pc-linux-gnu
ac_cv_c_compiler_gnu=yes
ac_cv_env_CC_set=
ac_cv_env_CC_value=
ac_cv_env_CFLAGS_set=
ac_cv_env_CFLAGS_value=
ac_cv_env_CPPFLAGS_set=
ac_cv_env_CPPFLAGS_value=
ac_cv_env_CPP_set=
ac_cv_env_CPP_value=
ac_cv_env_LDFLAGS_set=
ac_cv_env_LDFLAGS_value=
ac_cv_env_LIBS_set=
ac_cv_env_LIBS_value=
ac_cv_env_LT_SYS_LIBRARY_PATH_set=
ac_cv_env_LT_SYS_LIBRARY_PATH_value=
ac_cv_env_build_alias_set=
ac_cv_env_build_alias_value=
ac_cv_env_host_alias_set=
ac_cv_env_host_alias_value=
ac_cv_env_target_alias_set=
ac_cv_env_target_alias_value=
ac_cv_func_ffsl=yes
ac_cv_func_getopt_long_only=yes
ac_cv_func_isinf=yes
ac_cv_func_isnan=yes
ac_cv_func_mmap=yes
ac_cv_func_mremap=yes
ac_cv_header_dlfcn_h=yes
ac_cv_header_getopt_h=yes
ac_cv_header_inttypes_h=yes
ac_cv_header_stdint_h=yes
ac_cv_header_stdio_h=yes
ac_cv_header_stdlib_h=yes
ac_cv_header_string_h=yes
ac_cv_header_strings_h=yes
ac_cv_header_sys_stat_h=yes
ac_cv_header_sys_types_h=yes
ac_cv_header_unistd_h=yes
ac_cv_host=x86_64-pc-linux-gnu
ac_cv_lib_bfd_bfd_init=no
ac_cv_lib_dl_dlopen=yes
ac_cv_lib_dld_dlopen=no
ac_cv_lib_iberty_htab_try_create=no
ac_cv_lib_opcodes_init_disassemble_info=no
ac_cv_lib_z_compressBound=yes
ac_cv_objext=o
ac_cv_path_EGREP='/usr/bin/grep -E'
ac_cv_path_FGREP='/usr/bin/grep -F'
ac_cv_path_GREP=/usr/bin/grep
ac_cv_path_SED=/usr/bin/sed
ac_cv_path_install='/usr/bin/install -c'
ac_cv_path_lt_DD=/usr/bin/dd
ac_cv_path_mkdir=/usr/bin/mkdir
ac_cv_prog_AWK=gawk
ac_cv_prog_CPP='gcc -E'
ac_cv_prog_ac_ct_AR=ar
ac_cv_prog_ac_ct_CC=gcc
ac_cv_prog_ac_ct_FILECMD=file
ac_cv_prog_ac_ct_OBJDUMP=objdump
ac_cv_prog_ac_ct_RANLIB=ranlib
ac_cv_prog_ac_ct_STRIP=strip
ac_cv_prog_cc_c11=
ac_cv_prog_cc_g=yes
ac_cv_prog_cc_stdc=
ac_cv_prog_make_make_set=yes
ac_cv_target=x86_64-pc-linux-gnu
ac_cv_test_arm_arm=
ac_cv_test_arm_swf=
ac_cv_test_x86_x87=
am_cv_CC_dependencies_compiler_type=gcc3
am_cv_ar_interface=ar
am_cv_make_support_nested_variables=yes
am_cv_prog_cc_c_o=yes
gl_cv_c_amsterdam_compiler=no
gl_cv_compiler_check_decl_option=none
gl_cv_compiler_clang=no
lt_cv_ar_at_file=@
lt_cv_archive_cmds_need_lc=no
lt_cv_deplibs_check_method=pass_all
lt_cv_file_magic_cmd='$MAGIC_CMD'
lt_cv_file_magic_test_file=
lt_cv_ld_reload_flag=-r
lt_cv_nm_interface='BSD nm'
lt_cv_objdir=.libs
lt_cv_path_LD=/usr/bin/ld
lt_cv_path_NM='/usr/bin/nm -B'
lt_cv_path_mainfest_tool=no
lt_cv_prog_compiler_c_o=yes
lt_cv_prog_compiler_pic='-fPIC -DPIC'
lt_cv_prog_compiler_pic_works=yes
lt_cv_prog_compiler_rtti_exceptions=no
lt_cv_prog_compiler_static_works=no
lt_cv_prog_gnu_ld=yes
lt_cv_sharedlib_from_linklib_cmd='printf %s\n'
lt_cv_shlibpath_overrides_runpath=yes
lt_cv_sys_global_symbol_pipe='/usr/bin/sed -n -e '\''s/^.*[	 ]\([ABCDGIRSTW][ABCDGIRSTW]*\)[	 ][	 ]*\([_A-Za-z][_A-Za-z0-9]*\)$/\1 \2 \2/p'\'' | /usr/bin/sed '\''/ __gnu_lto/d'\'''
lt_cv_sys_global_symbol_to_c_name_address='/usr/bin/sed -n -e '\''s/^: \(.*\) .*$/  {"\1", (void *) 0},/p'\'' -e '\''s/^[ABCDGIRSTW][ABCDGIRSTW]* .* \(.*\)$/  {"\1", (void *) \&\1},/p'\'''
lt_cv_sys_global_symbol_to_c_name_address_lib_prefix='/usr/bin/sed -n -e '\''s/^: \(.*\) .*$/  {"\1", (void *) 0},/p'\'' -e '\''s/^[ABCDGIRSTW][ABCDGIRSTW]* .* \(lib.*\)$/  {"\1", (void *) \&\1},/p'\'' -e '\''s/^[ABCDGIRSTW][ABCDGIRSTW]* .* \(.*\)$/  {"lib\1", (void *) \&\1},/p'\'''
lt_cv_sys_global_symbol_to_cdecl='/usr/bin/sed -n -e '\''s/^T .* \(.*\)$/extern int \1();/p'\'' -e '\''s/^[ABCDGIRSTW][ABCDGIRSTW]* .* \(.*\)$/extern char \1;/p'\'''
lt_cv_sys_global_symbol_to_import=
lt_cv_sys_max_cmd_len=1572864
lt_cv_to_host_file_cmd=func_convert_file_noop
lt_cv_to_tool_file_cmd=func_convert_file_noop
lt_cv_truncate_bin='/usr/bin/dd bs=4096 count=1'

## ----------------- ##
## Output variables. ##
## ----------------- ##

ACLOCAL='${SHELL} '\''/var/home/loganmc10/git_stuff/simple64/parallel-rsp/lightning/build-aux/missing'\'' aclocal-1.16'
AMDEPBACKSLASH='\'
AMDEP_FALSE='#'
AMDEP_TRUE=''
AMTAR='$${TAR-tar}'
AM_BACKSLASH='\'
AM_DEFAULT_V='$(AM_DEFAULT_VERBOSITY)'
AM_DEFAULT_VERBOSITY='0'
AM_V='$(V)'
AR='ar'
ARFLAGS='cr'
AUTOCONF='${SHELL} '\''/var/home/loganmc10/git_stuff/simple64/parallel-rsp/lightning/build-aux/missing'\'' autoconf'
AUTOHEADER='${SHELL} '\''/var/home/loganmc10/git_stuff/simple64/parallel-rsp/lightning/build-aux/missing'\'' autoheader'
AUTOMAKE='${SHELL} '\''/var/home/loganmc10/git_stuff/simple64/parallel-rsp/lightning/build-aux/missing'\'' automake-1.16'
AWK='gawk'
CC='gcc'
CCDEPMODE='depmode=gcc3'
CFLAGS='-g -O2'
CPP='gcc -E'
CPPFLAGS=''
CSCOPE='cscope'
CTAGS='ctags'
CYGPATH_W='echo'
DEFS='-DHAVE_CONFIG_H'
DEPDIR='.deps'
DLLTOOL='false'
DSYMUTIL=''
DUMPBIN=''
ECHO_C=''
ECHO_N='-n'
ECHO_T=''
EGREP='/usr/bin/grep -E'
ETAGS='etags'
EXEEXT=''
FGREP='/usr/bin/grep -F'
FILECMD='file'
GL_COND_LIBTOOL_FALSE='#'
GL_COND_LIBTOOL_TRUE=''
GREP='/usr/bin/grep'
INSTALL_DATA='${INSTALL} -m 644'
INSTALL_PROGRAM='${INSTALL}'
INSTALL_SCRIPT='${INSTALL}'
INSTALL_STRIP_PROGRAM='$(install_sh) -c -s'
LD='/usr/bin/ld -m elf_x86_64'
LDFLAGS=''
LIBOBJS=''
LIBS='-lz '
LIBTOOL='$(SHELL) $(top_builddir)/libtool'
LIGHTNING_CFLAGS=' -DNDEBUG'
LIPO=''
LN_S='ln -s'
LTLIBOBJS=''
LT_SYS_LIBRARY_PATH=''
MAKEINFO='${SHELL} '\''/var/home/loganmc10/git_stuff/simple64/parallel-rsp/lightning/build-aux/missing'\'' makeinfo'
MANIFEST_TOOL=':'
MAYBE_INCLUDE_STDINT_H='#include <stdint.h>'
MKDIR_P='/usr/bin/mkdir -p'
NM='/usr/bin/nm -B'
NMEDIT=''
OBJDUMP='objdump'
OBJEXT='o'
OTOOL64=''
OTOOL=''
PACKAGE='lightning'
PACKAGE_BUGREPORT='pcpa@gnu.org'
PACKAGE_NAME='GNU lightning'
PACKAGE_STRING='GNU lightning 2.2.1'
PACKAGE_TARNAME='lightning'
PACKAGE_URL='https://www.gnu.org/software/lightning/'
PACKAGE_VERSION='2.2.1'
PATH_SEPARATOR=':'
RANLIB='ranlib'
SED='/usr/bin/sed'
SET_MAKE=''
SHELL='/bin/sh'
SHLIB='-ldl'
STRIP='strip'
VERSION='2.2.1'
ac_ct_AR='ar'
ac_ct_CC='gcc'
ac_ct_DUMPBIN=''
am__EXEEXT_FALSE=''
am__EXEEXT_TRUE='#'
am__fastdepCC_FALSE='#'
am__fastdepCC_TRUE=''
am__include='include'
am__isrc=''
am__leading_dot='.'
am__nodep='_no'
am__quote=''
am__tar='$${TAR-tar} chof - "$$tardir"'
am__untar='$${TAR-tar} xf -'
bindir='${exec_prefix}/bin'
build='x86_64-pc-linux-gnu'
build_alias=''
build_cpu='x86_64'
build_os='linux-gnu'
build_vendor='pc'
cpu='x86'
cpu_aarch64_FALSE=''
cpu_aarch64_TRUE='#'
cpu_alpha_FALSE=''
cpu_alpha_TRUE='#'
cpu_arm_FALSE=''
cpu_arm_TRUE='#'
cpu_hppa_FALSE=''
cpu_hppa_TRUE='#'
cpu_ia64_FALSE=''
cpu_ia64_TRUE='#'
cpu_loongarch_FALSE=''
cpu_loongarch_TRUE='#'
cpu_mips_FALSE=''
cpu_mips_TRUE='#'
cpu_ppc_FALSE=''
cpu_ppc_TRUE='#'
cpu_riscv_FALSE=''
cpu_riscv_TRUE='#'
cpu_s390_FALSE=''
cpu_s390_TRUE='#'
cpu_sparc_FALSE=''
cpu_sparc_TRUE='#'
cpu_x86_FALSE='#'
cpu_x86_TRUE=''
datadir='${datarootdir}'
datarootdir='${prefix}/share'
docdir='${datarootdir}/doc/${PACKAGE_TARNAME}'
dvidir='${docdir}'
exec_prefix='${prefix}'
get_jit_size_FALSE=''
get_jit_size_TRUE='#'
gl_LIBOBJS=''
gl_LTLIBOBJS=''
gltests_LIBOBJS=''
gltests_LTLIBOBJS=''
gltests_WITNESS='IN_LIGHTNING_GNULIB_TESTS'
host='x86_64-pc-linux-gnu'
host_alias=''
host_cpu='x86_64'
host_os='linux-gnu'
host_vendor='pc'
htmldir='${docdir}'
includedir='${prefix}/include'
infodir='${datarootdir}/info'
install_sh='${SHELL} /var/home/loganmc10/git_stuff/simple64/parallel-rsp/lightning/build-aux/install-sh'
libdir='${exec_prefix}/lib'
libexecdir='${exec_prefix}/libexec'
localedir='${datarootdir}/locale'
localstatedir='${prefix}/var'
mandir='${datarootdir}/man'
mkdir_p='$(MKDIR_P)'
oldincludedir='/usr/include'
pdfdir='${docdir}'
prefix='/usr/local'
program_transform_name='s,x,x,'
psdir='${docdir}'
runstatedir='${localstatedir}/run'
sbindir='${exec_prefix}/sbin'
sharedstatedir='${prefix}/com'
strong_type_checking_FALSE=''
strong_type_checking_TRUE='#'
sysconfdir='${prefix}/etc'
target='x86_64-pc-linux-gnu'
target_alias=''
target_cpu='x86_64'
target_os='linux-gnu'
target_vendor='pc'
test_arm_arm_FALSE=''
test_arm_arm_TRUE='#'
test_arm_swf_FALSE=''
test_arm_swf_TRUE='#'
test_nodata_FALSE='#'
test_nodata_TRUE=''
test_x86_x87_FALSE=''
test_x86_x87_TRUE='#'
with_disassembler_FALSE=''
with_disassembler_TRUE='#'

## ----------- ##
## confdefs.h. ##
## ----------- ##

/* confdefs.h */
#define PACKAGE_NAME "GNU lightning"
#define PACKAGE_TARNAME "lightning"
#define PACKAGE_VERSION "2.2.1"
#define PACKAGE_STRING "GNU lightning 2.2.1"
#define PACKAGE_BUGREPORT "pcpa@gnu.org"
#define PACKAGE_URL "https://www.gnu.org/software/lightning/"
#define PACKAGE "lightning"
#define VERSION "2.2.1"
#define HAVE_STDIO_H 1
#define HAVE_STDLIB_H 1
#define HAVE_STRING_H 1
#define HAVE_INTTYPES_H 1
#define HAVE_STDINT_H 1
#define HAVE_STRINGS_H 1
#define HAVE_SYS_STAT_H 1
#define HAVE_SYS_TYPES_H 1
#define HAVE_UNISTD_H 1
#define STDC_HEADERS 1
#define HAVE_DLFCN_H 1
#define LT_OBJDIR ".libs/"
#define HAVE_MMAP 1
#define HAVE_MREMAP 1
#define HAVE_FFSL 1
#define HAVE_GETOPT_LONG_ONLY 1
#define HAVE_ISNAN 1
#define HAVE_ISINF 1
#define HAVE_GETOPT_H 1
#define HAVE_STDINT_H 1
#define HAVE_LIBZ 1

configure: exit 0
